2025-10-11 17:18:07,834 - INFO - Initialized comprehensive MP downloader
2025-10-11 17:18:07,848 - INFO - Data directory: materials_data\complete_database
2025-10-11 17:18:07,849 - INFO - Chunk size: 5000
2025-10-11 17:18:07,849 - INFO - API key: wQjTld5h...
2025-10-11 17:18:07,849 - INFO - ================================================================================
2025-10-11 17:18:07,849 - INFO - STARTING COMPREHENSIVE MATERIALS PROJECT DATABASE DOWNLOAD
2025-10-11 17:18:07,850 - INFO - ================================================================================
2025-10-11 17:18:07,850 - INFO - Found 40 available endpoints
2025-10-11 17:18:07,850 - INFO - Will download from 40 endpoints:
2025-10-11 17:18:07,850 - INFO -   - materials.summary: Summary information - core materials data
2025-10-11 17:18:07,850 - INFO -   - materials.core: Core materials documents with all calculated properties
2025-10-11 17:18:07,850 - INFO -   - materials.tasks: Individual VASP calculation details
2025-10-11 17:18:07,850 - INFO -   - materials.thermo: Thermodynamic data and phase diagrams
2025-10-11 17:18:07,851 - INFO -   - materials.electronic_structure: Electronic structure (combined)
2025-10-11 17:18:07,851 - INFO -   - materials.electronic_structure.bandstructure: Band structure data
2025-10-11 17:18:07,851 - INFO -   - materials.electronic_structure.dos: Density of states data
2025-10-11 17:18:07,852 - INFO -   - materials.elasticity: Elastic constants and mechanical properties
2025-10-11 17:18:07,852 - INFO -   - materials.dielectric: Dielectric properties
2025-10-11 17:18:07,852 - INFO -   - materials.piezoelectric: Piezoelectric properties
2025-10-11 17:18:07,852 - INFO -   - materials.magnetism: Magnetic properties
2025-10-11 17:18:07,852 - INFO -   - materials.absorption: Optical absorption spectra
2025-10-11 17:18:07,852 - INFO -   - materials.eos: Equations of state
2025-10-11 17:18:07,852 - INFO -   - materials.bonds: Chemical bonding analysis
2025-10-11 17:18:07,852 - INFO -   - materials.chemenv: Chemical environment analysis
2025-10-11 17:18:07,852 - INFO -   - materials.robocrys: Automated structure description
2025-10-11 17:18:07,853 - INFO -   - materials.similarity: Structure similarity data
2025-10-11 17:18:07,853 - INFO -   - materials.oxidation_states: Oxidation state assignments
2025-10-11 17:18:07,853 - INFO -   - materials.insertion_electrodes: Battery electrode materials
2025-10-11 17:18:07,853 - INFO -   - materials.surface_properties: Surface properties
2025-10-11 17:18:07,853 - INFO -   - materials.substrates: Substrate matching data
2025-10-11 17:18:07,853 - INFO -   - materials.grain_boundaries: Grain boundary properties
2025-10-11 17:18:07,853 - INFO -   - materials.synthesis: Synthesis recipes and conditions
2025-10-11 17:18:07,853 - INFO -   - materials.provenance: Data provenance and experimental tags
2025-10-11 17:18:07,854 - INFO -   - materials.xas: X-ray absorption spectroscopy
2025-10-11 17:18:07,854 - INFO -   - materials.phonon: Phonon band structures and DOS
2025-10-11 17:18:07,854 - INFO -   - materials.alloys: Alloy data (experimental)
2025-10-11 17:18:07,855 - INFO -   - molecules.summary: Molecular summary data
2025-10-11 17:18:07,855 - INFO -   - molecules.core: Core molecular data
2025-10-11 17:18:07,855 - INFO -   - molecules.tasks: Molecular calculation tasks
2025-10-11 17:18:07,855 - INFO -   - molecules.thermo: Molecular thermodynamics
2025-10-11 17:18:07,855 - INFO -   - molecules.orbitals: Molecular orbitals
2025-10-11 17:18:07,855 - INFO -   - molecules.vibrations: Molecular vibrations
2025-10-11 17:18:07,856 - INFO -   - molecules.bonding: Molecular bonding analysis
2025-10-11 17:18:07,856 - INFO -   - molecules.partial_charges: Partial atomic charges
2025-10-11 17:18:07,856 - INFO -   - molecules.partial_spins: Partial atomic spins
2025-10-11 17:18:07,856 - INFO -   - molecules.redox: Redox properties
2025-10-11 17:18:07,856 - INFO -   - molecules.jcesr: Battery electrolyte molecules
2025-10-11 17:18:07,856 - INFO -   - molecules.assoc: Molecular associations
2025-10-11 17:18:07,856 - INFO -   - doi: DOI references for materials
2025-10-11 17:18:07,856 - INFO - 
Estimating data sizes...
2025-10-11 17:18:11,281 - INFO - Estimating data size for materials.summary...
2025-10-11 17:27:25,424 - WARNING - Retrying (Retry(total=2, connect=3, read=2, redirect=None, status=None)) after connection broken by 'RemoteDisconnected('Remote end closed connection without response')': /materials/summary/
2025-10-11 17:36:24,499 - INFO -   materials.summary: ~10,000+ materials
2025-10-11 17:36:24,507 - WARNING - Could not estimate size for materials.core: 'MaterialsRester' object has no attribute 'core'
2025-10-11 17:36:24,508 - INFO - Estimating data size for materials.tasks...
2025-10-11 17:36:24,557 - WARNING - Could not estimate size for materials.tasks: invalid fields requested: ['material_id']. Available fields: ['nsites', 'elements', 'nelements', 'composition', 'composition_reduced', 'formula_pretty', 'formula_anonymous', 'chemsys', 'volume', 'density', 'density_atomic', 'symmetry', 'batch_id', 'calc_type', 'completed_at', 'dir_name', 'icsd_id', 'input', 'last_updated', 'orig_inputs', 'output', 'run_type', 'structure', 'tags', 'task_id', 'task_type', 'transformations', 'vasp_objects', 'additional_json', 'analysis', 'author', 'calcs_reversed', 'custodian', 'entry', 'included_objects', 'run_stats', 'state', 'task_label']
2025-10-11 17:36:24,559 - INFO - Estimating data size for materials.thermo...
2025-10-11 17:48:31,646 - WARNING - Could not estimate size for materials.thermo: Insufficient memory for buffer allocation
2025-10-11 17:48:31,648 - INFO - Estimating data size for materials.electronic_structure...
2025-10-11 17:49:24,387 - WARNING - Could not estimate size for materials.electronic_structure: Insufficient memory for buffer allocation
2025-10-11 17:49:24,388 - WARNING - Could not estimate size for materials.electronic_structure.bandstructure: 'ElectronicStructureRester' object has no attribute 'bandstructure'
2025-10-11 17:49:24,390 - WARNING - Could not estimate size for materials.electronic_structure.dos: 'ElectronicStructureRester' object has no attribute 'dos'
2025-10-11 17:49:24,391 - INFO - Estimating data size for materials.elasticity...
2025-10-11 17:49:34,045 - WARNING - Could not estimate size for materials.elasticity: Insufficient memory for buffer allocation
2025-10-11 17:49:34,046 - INFO - Estimating data size for materials.dielectric...
2025-10-11 17:51:50,755 - INFO -   materials.dielectric: ~10,000+ materials
2025-10-11 17:51:50,759 - INFO - Estimating data size for materials.piezoelectric...
2025-10-11 17:52:46,479 - INFO -   materials.piezoelectric: ~10,000+ materials
2025-10-11 17:52:46,482 - INFO - Estimating data size for materials.magnetism...
2025-10-11 17:56:31,494 - INFO -   materials.magnetism: ~10,000+ materials
2025-10-11 17:56:31,500 - INFO - Estimating data size for materials.absorption...
2025-10-11 17:58:19,757 - INFO -   materials.absorption: ~946 materials
2025-10-11 17:58:19,761 - INFO - Estimating data size for materials.eos...
2025-10-11 17:58:23,616 - INFO -   materials.eos: ~233 materials
2025-10-11 17:58:23,618 - INFO - Estimating data size for materials.bonds...
2025-10-11 18:13:07,030 - WARNING - Retrying (Retry(total=2, connect=3, read=2, redirect=None, status=None)) after connection broken by 'RemoteDisconnected('Remote end closed connection without response')': /materials/bonds/
2025-10-11 18:26:33,066 - INFO -   materials.bonds: ~10,000+ materials
2025-10-11 18:26:33,083 - INFO - Estimating data size for materials.chemenv...
2025-10-11 18:39:00,466 - WARNING - Retrying (Retry(total=2, connect=3, read=2, redirect=None, status=None)) after connection broken by 'RemoteDisconnected('Remote end closed connection without response')': /materials/chemenv/
2025-10-11 18:52:04,859 - INFO -   materials.chemenv: ~10,000+ materials
2025-10-11 18:52:04,870 - INFO - Estimating data size for materials.robocrys...
2025-10-11 18:52:04,884 - WARNING - Could not estimate size for materials.robocrys: RobocrysRester.search() got an unexpected keyword argument 'fields'
2025-10-11 18:52:04,886 - INFO - Estimating data size for materials.similarity...
2025-10-11 18:52:24,479 - INFO -   materials.similarity: ~10,000+ materials
2025-10-11 18:52:24,483 - INFO - Estimating data size for materials.oxidation_states...
2025-10-11 18:53:28,425 - INFO -   materials.oxidation_states: ~10,000+ materials
2025-10-11 18:53:28,428 - INFO - Estimating data size for materials.insertion_electrodes...
2025-10-11 18:53:28,443 - WARNING - Could not estimate size for materials.insertion_electrodes: invalid fields requested: ['material_id']. Available fields: ['battery_type', 'battery_id', 'thermo_type', 'battery_formula', 'working_ion', 'num_steps', 'max_voltage_step', 'last_updated', 'framework', 'framework_formula', 'elements', 'nelements', 'chemsys', 'formula_anonymous', 'warnings', 'formula_charge', 'formula_discharge', 'max_delta_volume', 'average_voltage', 'capacity_grav', 'capacity_vol', 'energy_grav', 'energy_vol', 'fracA_charge', 'fracA_discharge', 'stability_charge', 'stability_discharge', 'id_charge', 'id_discharge', 'host_structure', 'adj_pairs', 'material_ids', 'entries_composition_summary', 'electrode_object']
2025-10-11 18:53:28,444 - INFO - Estimating data size for materials.surface_properties...
2025-10-11 18:53:31,607 - INFO -   materials.surface_properties: ~138 materials
2025-10-11 18:53:31,611 - INFO - Estimating data size for materials.substrates...
2025-10-11 18:53:31,613 - WARNING - Could not estimate size for materials.substrates: invalid fields requested: ['material_id']. Available fields: ['sub_form', 'sub_id', 'film_orient', 'area', 'energy', 'film_id', '_norients', 'orient']
2025-10-11 18:53:31,615 - INFO - Estimating data size for materials.grain_boundaries...
2025-10-11 18:53:34,825 - INFO -   materials.grain_boundaries: ~327 materials
2025-10-11 18:53:34,828 - INFO - Estimating data size for materials.synthesis...
2025-10-11 18:53:34,828 - WARNING - Could not estimate size for materials.synthesis: SynthesisRester.search() got an unexpected keyword argument 'fields'
2025-10-11 18:53:34,829 - INFO - Estimating data size for materials.provenance...
2025-10-11 18:54:40,937 - INFO -   materials.provenance: ~10,000+ materials
2025-10-11 18:54:40,938 - INFO - Estimating data size for materials.xas...
2025-10-11 18:57:14,831 - INFO -   materials.xas: ~10,000+ materials
2025-10-11 18:57:14,835 - INFO - Estimating data size for materials.phonon...
2025-10-11 18:57:24,048 - INFO -   materials.phonon: ~10,000+ materials
2025-10-11 18:57:24,052 - WARNING - Could not estimate size for materials.alloys: 'MaterialsRester' object has no attribute 'alloys'
2025-10-11 18:57:24,053 - INFO - Estimating data size for molecules.summary...
2025-10-11 18:57:24,088 - WARNING - Could not estimate size for molecules.summary: invalid fields requested: ['material_id']. Available fields: ['charge', 'spin_multiplicity', 'natoms', 'elements', 'nelements', 'nelectrons', 'composition', 'composition_reduced', 'formula_alphabetical', 'formula_pretty', 'formula_anonymous', 'chemsys', 'symmetry', 'species_hash', 'coord_hash', 'property_name', 'property_id', 'molecule_id', 'deprecated', 'deprecation_reasons', 'level_of_theory', 'solvent', 'lot_solvent', 'last_updated', 'origins', 'warnings', 'molecules', 'molecule_levels_of_theory', 'inchi', 'inchi_key', 'task_ids', 'similar_molecules', 'constituent_molecules', 'unique_calc_types', 'unique_task_types', 'unique_levels_of_theory', 'unique_solvents', 'unique_lot_solvents', 'thermo', 'vibration', 'orbitals', 'partial_charges', 'partial_spins', 'bonding', 'multipole_moments', 'redox', 'metal_binding', 'has_props']
2025-10-11 18:57:24,089 - WARNING - Could not estimate size for molecules.core: 'MoleculeRester' object has no attribute 'core'
2025-10-11 18:57:24,090 - INFO - Estimating data size for molecules.tasks...
2025-10-11 18:57:24,107 - WARNING - Could not estimate size for molecules.tasks: invalid fields requested: ['material_id']. Available fields: ['charge', 'spin_multiplicity', 'natoms', 'elements', 'nelements', 'nelectrons', 'composition', 'composition_reduced', 'formula_alphabetical', 'formula_pretty', 'formula_anonymous', 'chemsys', 'symmetry', 'species_hash', 'coord_hash', 'builder_meta', 'calc_code', 'version', 'dir_name', 'task_id', 'completed', 'completed_at', 'last_updated', 'is_valid', 'state', 'cputime', 'walltime', 'calcs_reversed', 'orig', 'output', 'critic2', 'custom_smd', 'special_run_type', 'smiles', 'tags', 'warnings']
2025-10-11 18:57:24,108 - INFO - Estimating data size for molecules.thermo...
2025-10-11 18:57:24,119 - WARNING - Could not estimate size for molecules.thermo: invalid fields requested: ['material_id']. Available fields: ['charge', 'spin_multiplicity', 'natoms', 'elements', 'nelements', 'nelectrons', 'composition', 'composition_reduced', 'formula_alphabetical', 'formula_pretty', 'formula_anonymous', 'chemsys', 'symmetry', 'species_hash', 'coord_hash', 'property_name', 'property_id', 'molecule_id', 'deprecated', 'deprecation_reasons', 'level_of_theory', 'solvent', 'lot_solvent', 'last_updated', 'origins', 'warnings', 'electronic_energy', 'correction', 'base_level_of_theory', 'base_solvent', 'base_lot_solvent', 'correction_level_of_theory', 'correction_solvent', 'correction_lot_solvent', 'combined_lot_solvent', 'zero_point_energy', 'rt', 'total_enthalpy', 'total_entropy', 'translational_enthalpy', 'translational_entropy', 'rotational_enthalpy', 'rotational_entropy', 'vibrational_enthalpy', 'vibrational_entropy', 'free_energy']
2025-10-11 18:57:24,120 - INFO - Estimating data size for molecules.orbitals...
2025-10-11 18:57:24,134 - WARNING - Could not estimate size for molecules.orbitals: invalid fields requested: ['material_id']. Available fields: ['charge', 'spin_multiplicity', 'natoms', 'elements', 'nelements', 'nelectrons', 'composition', 'composition_reduced', 'formula_alphabetical', 'formula_pretty', 'formula_anonymous', 'chemsys', 'symmetry', 'species_hash', 'coord_hash', 'property_name', 'property_id', 'molecule_id', 'deprecated', 'deprecation_reasons', 'level_of_theory', 'solvent', 'lot_solvent', 'last_updated', 'origins', 'warnings', 'open_shell', 'nbo_population', 'nbo_lone_pairs', 'nbo_bonds', 'nbo_three_center_bonds', 'nbo_hyperbonds', 'nbo_interactions', 'alpha_population', 'beta_population', 'alpha_lone_pairs', 'beta_lone_pairs', 'alpha_bonds', 'beta_bonds', 'alpha_three_center_bonds', 'beta_three_center_bonds', 'alpha_hyperbonds', 'beta_hyperbonds', 'alpha_interactions', 'beta_interactions']
2025-10-11 18:57:24,136 - INFO - Estimating data size for molecules.vibrations...
2025-10-11 18:57:24,146 - WARNING - Could not estimate size for molecules.vibrations: invalid fields requested: ['material_id']. Available fields: ['charge', 'spin_multiplicity', 'natoms', 'elements', 'nelements', 'nelectrons', 'composition', 'composition_reduced', 'formula_alphabetical', 'formula_pretty', 'formula_anonymous', 'chemsys', 'symmetry', 'species_hash', 'coord_hash', 'property_name', 'property_id', 'molecule_id', 'deprecated', 'deprecation_reasons', 'level_of_theory', 'solvent', 'lot_solvent', 'last_updated', 'origins', 'warnings', 'molecule', 'frequencies', 'frequency_modes', 'ir_intensities', 'ir_activities', 'raman_intensities', 'raman_activities']
2025-10-11 18:57:24,147 - INFO - Estimating data size for molecules.bonding...
2025-10-11 18:57:24,156 - WARNING - Could not estimate size for molecules.bonding: invalid fields requested: ['material_id']. Available fields: ['charge', 'spin_multiplicity', 'natoms', 'elements', 'nelements', 'nelectrons', 'composition', 'composition_reduced', 'formula_alphabetical', 'formula_pretty', 'formula_anonymous', 'chemsys', 'symmetry', 'species_hash', 'coord_hash', 'property_name', 'property_id', 'molecule_id', 'deprecated', 'deprecation_reasons', 'level_of_theory', 'solvent', 'lot_solvent', 'last_updated', 'origins', 'warnings', 'molecule_graph', 'method', 'bond_types', 'bonds', 'bonds_nometal']
2025-10-11 18:57:24,157 - INFO - Estimating data size for molecules.partial_charges...
2025-10-11 18:57:24,166 - WARNING - Could not estimate size for molecules.partial_charges: invalid fields requested: ['material_id']. Available fields: ['charge', 'spin_multiplicity', 'natoms', 'elements', 'nelements', 'nelectrons', 'composition', 'composition_reduced', 'formula_alphabetical', 'formula_pretty', 'formula_anonymous', 'chemsys', 'symmetry', 'species_hash', 'coord_hash', 'property_name', 'property_id', 'molecule_id', 'deprecated', 'deprecation_reasons', 'level_of_theory', 'solvent', 'lot_solvent', 'last_updated', 'origins', 'warnings', 'method', 'partial_charges']
2025-10-11 18:57:24,168 - INFO - Estimating data size for molecules.partial_spins...
2025-10-11 18:57:24,175 - WARNING - Could not estimate size for molecules.partial_spins: invalid fields requested: ['material_id']. Available fields: ['charge', 'spin_multiplicity', 'natoms', 'elements', 'nelements', 'nelectrons', 'composition', 'composition_reduced', 'formula_alphabetical', 'formula_pretty', 'formula_anonymous', 'chemsys', 'symmetry', 'species_hash', 'coord_hash', 'property_name', 'property_id', 'molecule_id', 'deprecated', 'deprecation_reasons', 'level_of_theory', 'solvent', 'lot_solvent', 'last_updated', 'origins', 'warnings', 'method', 'partial_spins']
2025-10-11 18:57:24,176 - INFO - Estimating data size for molecules.redox...
2025-10-11 18:57:24,187 - WARNING - Could not estimate size for molecules.redox: invalid fields requested: ['material_id']. Available fields: ['charge', 'spin_multiplicity', 'natoms', 'elements', 'nelements', 'nelectrons', 'composition', 'composition_reduced', 'formula_alphabetical', 'formula_pretty', 'formula_anonymous', 'chemsys', 'symmetry', 'species_hash', 'coord_hash', 'property_name', 'property_id', 'molecule_id', 'deprecated', 'deprecation_reasons', 'level_of_theory', 'solvent', 'lot_solvent', 'last_updated', 'origins', 'warnings', 'base_property_id', 'electron_affinity', 'ea_task_id', 'ionization_energy', 'ie_task_id', 'reduction_energy', 'reduction_free_energy', 'red_molecule_id', 'red_property_id', 'oxidation_energy', 'oxidation_free_energy', 'ox_molecule_id', 'ox_property_id', 'reduction_potential', 'oxidation_potential']
2025-10-11 18:57:24,190 - INFO - Estimating data size for molecules.jcesr...
2025-10-11 18:57:24,193 - WARNING - Could not estimate size for molecules.jcesr: invalid fields requested: ['material_id']. Available fields: ['elements', 'nelements', 'EA', 'IE', 'charge', 'pointgroup', 'smiles', 'task_id', 'molecule', 'formula_pretty', 'svg']
2025-10-11 18:57:24,194 - INFO - Estimating data size for molecules.assoc...
2025-10-11 18:57:24,209 - WARNING - Could not estimate size for molecules.assoc: invalid fields requested: ['material_id']. Available fields: ['builder_meta', 'charge', 'spin_multiplicity', 'natoms', 'elements', 'nelements', 'nelectrons', 'composition', 'composition_reduced', 'formula_alphabetical', 'formula_pretty', 'formula_anonymous', 'chemsys', 'symmetry', 'species_hash', 'coord_hash', 'molecule_id', 'molecule', 'deprecated', 'deprecation_reasons', 'initial_molecules', 'task_ids', 'deprecated_tasks', 'calc_types', 'last_updated', 'created_at', 'origins', 'warnings', 'species', 'molecules', 'molecule_levels_of_theory', 'inchi', 'inchi_key', 'task_types', 'levels_of_theory', 'solvents', 'lot_solvents', 'unique_calc_types', 'unique_task_types', 'unique_levels_of_theory', 'unique_solvents', 'unique_lot_solvents', 'entries', 'best_entries', 'constituent_molecules', 'similar_molecules']
2025-10-11 18:57:24,209 - INFO - Estimating data size for doi...
2025-10-11 18:57:40,802 - INFO -   doi: ~10,000+ materials
2025-10-11 18:57:40,802 - INFO - 
============================================================
2025-10-11 18:57:40,802 - INFO - ENDPOINT 1/40: materials.summary
2025-10-11 18:57:40,802 - INFO - Description: Summary information - core materials data
2025-10-11 18:57:40,803 - INFO - ============================================================
2025-10-11 18:57:40,834 - INFO - Endpoint materials.summary: 69 fields available
2025-10-11 18:57:40,835 - INFO - Starting download for endpoint: materials.summary
2025-10-11 18:57:40,836 - INFO - Downloading chunk 1 (offset: 0)
2025-10-11 18:57:40,837 - ERROR - Error downloading chunk 1: You have specified the following kwargs which are unknown to [34m`search`[39m, but may be known to [31m`_search`[39m
    [36m_skip, _limit[39m
Please see the documentation:
    [34m`search`: https://materialsproject.github.io/api/_autosummary/mp_api.client.routes.materials.summary.SummaryRester.html#mp_api.client.routes.materials.summary.SummaryRester.search[39m
   [31m`_search`: https://api.materialsproject.org/redoc#tag/Materials-Summary/operation/search_materials_summary__get[39m
2025-10-11 18:57:40,837 - INFO - Downloading chunk 1 (offset: 5000)
2025-10-11 18:57:40,837 - ERROR - Error downloading chunk 1: You have specified the following kwargs which are unknown to [34m`search`[39m, but may be known to [31m`_search`[39m
    [36m_skip, _limit[39m
Please see the documentation:
    [34m`search`: https://materialsproject.github.io/api/_autosummary/mp_api.client.routes.materials.summary.SummaryRester.html#mp_api.client.routes.materials.summary.SummaryRester.search[39m
   [31m`_search`: https://api.materialsproject.org/redoc#tag/Materials-Summary/operation/search_materials_summary__get[39m
2025-10-11 18:57:40,837 - INFO - Downloading chunk 1 (offset: 10000)
2025-10-11 18:57:40,837 - ERROR - Error downloading chunk 1: You have specified the following kwargs which are unknown to [34m`search`[39m, but may be known to [31m`_search`[39m
    [36m_skip, _limit[39m
Please see the documentation:
    [34m`search`: https://materialsproject.github.io/api/_autosummary/mp_api.client.routes.materials.summary.SummaryRester.html#mp_api.client.routes.materials.summary.SummaryRester.search[39m
   [31m`_search`: https://api.materialsproject.org/redoc#tag/Materials-Summary/operation/search_materials_summary__get[39m
2025-10-11 18:57:40,837 - INFO - Downloading chunk 1 (offset: 15000)
2025-10-11 18:57:40,838 - ERROR - Error downloading chunk 1: You have specified the following kwargs which are unknown to [34m`search`[39m, but may be known to [31m`_search`[39m
    [36m_skip, _limit[39m
Please see the documentation:
    [34m`search`: https://materialsproject.github.io/api/_autosummary/mp_api.client.routes.materials.summary.SummaryRester.html#mp_api.client.routes.materials.summary.SummaryRester.search[39m
   [31m`_search`: https://api.materialsproject.org/redoc#tag/Materials-Summary/operation/search_materials_summary__get[39m
2025-10-11 18:57:40,838 - INFO - Downloading chunk 1 (offset: 20000)
2025-10-11 18:57:40,838 - ERROR - Error downloading chunk 1: You have specified the following kwargs which are unknown to [34m`search`[39m, but may be known to [31m`_search`[39m
    [36m_skip, _limit[39m
Please see the documentation:
    [34m`search`: https://materialsproject.github.io/api/_autosummary/mp_api.client.routes.materials.summary.SummaryRester.html#mp_api.client.routes.materials.summary.SummaryRester.search[39m
   [31m`_search`: https://api.materialsproject.org/redoc#tag/Materials-Summary/operation/search_materials_summary__get[39m
2025-10-11 18:57:40,839 - INFO - Downloading chunk 1 (offset: 25000)
2025-10-11 18:57:40,839 - ERROR - Error downloading chunk 1: You have specified the following kwargs which are unknown to [34m`search`[39m, but may be known to [31m`_search`[39m
    [36m_skip, _limit[39m
Please see the documentation:
    [34m`search`: https://materialsproject.github.io/api/_autosummary/mp_api.client.routes.materials.summary.SummaryRester.html#mp_api.client.routes.materials.summary.SummaryRester.search[39m
   [31m`_search`: https://api.materialsproject.org/redoc#tag/Materials-Summary/operation/search_materials_summary__get[39m
2025-10-11 18:57:40,839 - INFO - Downloading chunk 1 (offset: 30000)
2025-10-11 18:57:40,839 - ERROR - Error downloading chunk 1: You have specified the following kwargs which are unknown to [34m`search`[39m, but may be known to [31m`_search`[39m
    [36m_skip, _limit[39m
Please see the documentation:
    [34m`search`: https://materialsproject.github.io/api/_autosummary/mp_api.client.routes.materials.summary.SummaryRester.html#mp_api.client.routes.materials.summary.SummaryRester.search[39m
   [31m`_search`: https://api.materialsproject.org/redoc#tag/Materials-Summary/operation/search_materials_summary__get[39m
2025-10-11 18:57:40,839 - INFO - Downloading chunk 1 (offset: 35000)
2025-10-11 18:57:40,840 - ERROR - Error downloading chunk 1: You have specified the following kwargs which are unknown to [34m`search`[39m, but may be known to [31m`_search`[39m
    [36m_skip, _limit[39m
Please see the documentation:
    [34m`search`: https://materialsproject.github.io/api/_autosummary/mp_api.client.routes.materials.summary.SummaryRester.html#mp_api.client.routes.materials.summary.SummaryRester.search[39m
   [31m`_search`: https://api.materialsproject.org/redoc#tag/Materials-Summary/operation/search_materials_summary__get[39m
2025-10-11 18:57:40,840 - INFO - Downloading chunk 1 (offset: 40000)
2025-10-11 18:57:40,840 - ERROR - Error downloading chunk 1: You have specified the following kwargs which are unknown to [34m`search`[39m, but may be known to [31m`_search`[39m
    [36m_skip, _limit[39m
Please see the documentation:
    [34m`search`: https://materialsproject.github.io/api/_autosummary/mp_api.client.routes.materials.summary.SummaryRester.html#mp_api.client.routes.materials.summary.SummaryRester.search[39m
   [31m`_search`: https://api.materialsproject.org/redoc#tag/Materials-Summary/operation/search_materials_summary__get[39m
2025-10-11 18:57:40,840 - INFO - Downloading chunk 1 (offset: 45000)
2025-10-11 18:57:40,840 - ERROR - Error downloading chunk 1: You have specified the following kwargs which are unknown to [34m`search`[39m, but may be known to [31m`_search`[39m
    [36m_skip, _limit[39m
Please see the documentation:
    [34m`search`: https://materialsproject.github.io/api/_autosummary/mp_api.client.routes.materials.summary.SummaryRester.html#mp_api.client.routes.materials.summary.SummaryRester.search[39m
   [31m`_search`: https://api.materialsproject.org/redoc#tag/Materials-Summary/operation/search_materials_summary__get[39m
2025-10-11 18:57:40,841 - INFO - Downloading chunk 1 (offset: 50000)
2025-10-11 18:57:40,841 - ERROR - Error downloading chunk 1: You have specified the following kwargs which are unknown to [34m`search`[39m, but may be known to [31m`_search`[39m
    [36m_skip, _limit[39m
Please see the documentation:
    [34m`search`: https://materialsproject.github.io/api/_autosummary/mp_api.client.routes.materials.summary.SummaryRester.html#mp_api.client.routes.materials.summary.SummaryRester.search[39m
   [31m`_search`: https://api.materialsproject.org/redoc#tag/Materials-Summary/operation/search_materials_summary__get[39m
2025-10-11 18:57:40,841 - ERROR - Too many chunk errors, stopping download
2025-10-11 18:57:40,841 - INFO - Completed materials.summary: 0 materials in 0.01s
2025-10-11 18:57:40,841 - INFO - Progress: 1/40 endpoints completed
2025-10-11 18:57:40,842 - INFO - Total time elapsed: 1.66 hours
2025-10-11 18:57:40,842 - INFO - Total materials downloaded so far: 0
2025-10-11 18:57:40,842 - INFO - 
============================================================
2025-10-11 18:57:40,842 - INFO - ENDPOINT 2/40: materials.core
2025-10-11 18:57:40,842 - INFO - Description: Core materials documents with all calculated properties
2025-10-11 18:57:40,843 - INFO - ============================================================
2025-10-11 18:57:40,843 - INFO - Skipping materials.core - no data available
2025-10-11 18:57:40,843 - INFO - 
============================================================
2025-10-11 18:57:40,843 - INFO - ENDPOINT 3/40: materials.tasks
2025-10-11 18:57:40,843 - INFO - Description: Individual VASP calculation details
2025-10-11 18:57:40,843 - INFO - ============================================================
2025-10-11 18:57:40,843 - INFO - Skipping materials.tasks - no data available
2025-10-11 18:57:40,843 - INFO - 
============================================================
2025-10-11 18:57:40,843 - INFO - ENDPOINT 4/40: materials.thermo
2025-10-11 18:57:40,843 - INFO - Description: Thermodynamic data and phase diagrams
2025-10-11 18:57:40,844 - INFO - ============================================================
2025-10-11 18:57:40,844 - INFO - Skipping materials.thermo - no data available
2025-10-11 18:57:40,844 - INFO - 
============================================================
2025-10-11 18:57:40,844 - INFO - ENDPOINT 5/40: materials.electronic_structure
2025-10-11 18:57:40,844 - INFO - Description: Electronic structure (combined)
2025-10-11 18:57:40,845 - INFO - ============================================================
2025-10-11 18:57:40,845 - INFO - Skipping materials.electronic_structure - no data available
2025-10-11 18:57:40,845 - INFO - 
============================================================
2025-10-11 18:57:40,845 - INFO - ENDPOINT 6/40: materials.electronic_structure.bandstructure
2025-10-11 18:57:40,845 - INFO - Description: Band structure data
2025-10-11 18:57:40,845 - INFO - ============================================================
2025-10-11 18:57:40,846 - INFO - Skipping materials.electronic_structure.bandstructure - no data available
2025-10-11 18:57:40,846 - INFO - 
============================================================
2025-10-11 18:57:40,846 - INFO - ENDPOINT 7/40: materials.electronic_structure.dos
2025-10-11 18:57:40,846 - INFO - Description: Density of states data
2025-10-11 18:57:40,846 - INFO - ============================================================
2025-10-11 18:57:40,846 - INFO - Skipping materials.electronic_structure.dos - no data available
2025-10-11 18:57:40,847 - INFO - 
============================================================
2025-10-11 18:57:40,847 - INFO - ENDPOINT 8/40: materials.elasticity
2025-10-11 18:57:40,847 - INFO - Description: Elastic constants and mechanical properties
2025-10-11 18:57:40,847 - INFO - ============================================================
2025-10-11 18:57:40,848 - INFO - Skipping materials.elasticity - no data available
2025-10-11 18:57:40,848 - INFO - 
============================================================
2025-10-11 18:57:40,848 - INFO - ENDPOINT 9/40: materials.dielectric
2025-10-11 18:57:40,848 - INFO - Description: Dielectric properties
2025-10-11 18:57:40,848 - INFO - ============================================================
2025-10-11 18:57:40,860 - INFO - Endpoint materials.dielectric: 27 fields available
2025-10-11 18:57:40,861 - INFO - Starting download for endpoint: materials.dielectric
2025-10-11 18:57:40,862 - INFO - Downloading chunk 1 (offset: 0)
2025-10-11 18:57:40,862 - ERROR - Error downloading chunk 1: DielectricRester.search() got an unexpected keyword argument '_skip'
2025-10-11 18:57:40,862 - INFO - Downloading chunk 1 (offset: 5000)
2025-10-11 18:57:40,862 - ERROR - Error downloading chunk 1: DielectricRester.search() got an unexpected keyword argument '_skip'
2025-10-11 18:57:40,862 - INFO - Downloading chunk 1 (offset: 10000)
2025-10-11 18:57:40,862 - ERROR - Error downloading chunk 1: DielectricRester.search() got an unexpected keyword argument '_skip'
2025-10-11 18:57:40,862 - INFO - Downloading chunk 1 (offset: 15000)
2025-10-11 18:57:40,862 - ERROR - Error downloading chunk 1: DielectricRester.search() got an unexpected keyword argument '_skip'
2025-10-11 18:57:40,862 - INFO - Downloading chunk 1 (offset: 20000)
2025-10-11 18:57:40,863 - ERROR - Error downloading chunk 1: DielectricRester.search() got an unexpected keyword argument '_skip'
2025-10-11 18:57:40,863 - INFO - Downloading chunk 1 (offset: 25000)
2025-10-11 18:57:40,863 - ERROR - Error downloading chunk 1: DielectricRester.search() got an unexpected keyword argument '_skip'
2025-10-11 18:57:40,864 - INFO - Downloading chunk 1 (offset: 30000)
2025-10-11 18:57:40,864 - ERROR - Error downloading chunk 1: DielectricRester.search() got an unexpected keyword argument '_skip'
2025-10-11 18:57:40,864 - INFO - Downloading chunk 1 (offset: 35000)
2025-10-11 18:57:40,864 - ERROR - Error downloading chunk 1: DielectricRester.search() got an unexpected keyword argument '_skip'
2025-10-11 18:57:40,864 - INFO - Downloading chunk 1 (offset: 40000)
2025-10-11 18:57:40,864 - ERROR - Error downloading chunk 1: DielectricRester.search() got an unexpected keyword argument '_skip'
2025-10-11 18:57:40,865 - INFO - Downloading chunk 1 (offset: 45000)
2025-10-11 18:57:40,865 - ERROR - Error downloading chunk 1: DielectricRester.search() got an unexpected keyword argument '_skip'
2025-10-11 18:57:40,865 - INFO - Downloading chunk 1 (offset: 50000)
2025-10-11 18:57:40,865 - ERROR - Error downloading chunk 1: DielectricRester.search() got an unexpected keyword argument '_skip'
2025-10-11 18:57:40,865 - ERROR - Too many chunk errors, stopping download
2025-10-11 18:57:40,865 - INFO - Completed materials.dielectric: 0 materials in 0.00s
2025-10-11 18:57:40,865 - INFO - Progress: 9/40 endpoints completed
2025-10-11 18:57:40,866 - INFO - Total time elapsed: 1.66 hours
2025-10-11 18:57:40,866 - INFO - Total materials downloaded so far: 0
2025-10-11 18:57:40,866 - INFO - 
============================================================
2025-10-11 18:57:40,866 - INFO - ENDPOINT 10/40: materials.piezoelectric
2025-10-11 18:57:40,866 - INFO - Description: Piezoelectric properties
2025-10-11 18:57:40,866 - INFO - ============================================================
2025-10-11 18:57:40,879 - INFO - Endpoint materials.piezoelectric: 26 fields available
2025-10-11 18:57:40,880 - INFO - Starting download for endpoint: materials.piezoelectric
2025-10-11 18:57:40,881 - INFO - Downloading chunk 1 (offset: 0)
2025-10-11 18:57:40,881 - ERROR - Error downloading chunk 1: PiezoRester.search() got an unexpected keyword argument '_skip'
2025-10-11 18:57:40,881 - INFO - Downloading chunk 1 (offset: 5000)
2025-10-11 18:57:40,882 - ERROR - Error downloading chunk 1: PiezoRester.search() got an unexpected keyword argument '_skip'
2025-10-11 18:57:40,882 - INFO - Downloading chunk 1 (offset: 10000)
2025-10-11 18:57:40,882 - ERROR - Error downloading chunk 1: PiezoRester.search() got an unexpected keyword argument '_skip'
2025-10-11 18:57:40,882 - INFO - Downloading chunk 1 (offset: 15000)
2025-10-11 18:57:40,882 - ERROR - Error downloading chunk 1: PiezoRester.search() got an unexpected keyword argument '_skip'
2025-10-11 18:57:40,882 - INFO - Downloading chunk 1 (offset: 20000)
2025-10-11 18:57:40,882 - ERROR - Error downloading chunk 1: PiezoRester.search() got an unexpected keyword argument '_skip'
2025-10-11 18:57:40,882 - INFO - Downloading chunk 1 (offset: 25000)
2025-10-11 18:57:40,882 - ERROR - Error downloading chunk 1: PiezoRester.search() got an unexpected keyword argument '_skip'
2025-10-11 18:57:40,883 - INFO - Downloading chunk 1 (offset: 30000)
2025-10-11 18:57:40,883 - ERROR - Error downloading chunk 1: PiezoRester.search() got an unexpected keyword argument '_skip'
2025-10-11 18:57:40,883 - INFO - Downloading chunk 1 (offset: 35000)
2025-10-11 18:57:40,884 - ERROR - Error downloading chunk 1: PiezoRester.search() got an unexpected keyword argument '_skip'
2025-10-11 18:57:40,884 - INFO - Downloading chunk 1 (offset: 40000)
2025-10-11 18:57:40,884 - ERROR - Error downloading chunk 1: PiezoRester.search() got an unexpected keyword argument '_skip'
2025-10-11 18:57:40,884 - INFO - Downloading chunk 1 (offset: 45000)
2025-10-11 18:57:40,884 - ERROR - Error downloading chunk 1: PiezoRester.search() got an unexpected keyword argument '_skip'
2025-10-11 18:57:40,884 - INFO - Downloading chunk 1 (offset: 50000)
2025-10-11 18:57:40,884 - ERROR - Error downloading chunk 1: PiezoRester.search() got an unexpected keyword argument '_skip'
2025-10-11 18:57:40,884 - ERROR - Too many chunk errors, stopping download
2025-10-11 18:57:40,884 - INFO - Completed materials.piezoelectric: 0 materials in 0.00s
2025-10-11 18:57:40,885 - INFO - Progress: 10/40 endpoints completed
2025-10-11 18:57:40,885 - INFO - Total time elapsed: 1.66 hours
2025-10-11 18:57:40,885 - INFO - Total materials downloaded so far: 0
2025-10-11 18:57:40,885 - INFO - 
============================================================
2025-10-11 18:57:40,885 - INFO - ENDPOINT 11/40: materials.magnetism
2025-10-11 18:57:40,885 - INFO - Description: Magnetic properties
2025-10-11 18:57:40,885 - INFO - ============================================================
2025-10-11 18:57:40,899 - INFO - Endpoint materials.magnetism: 30 fields available
2025-10-11 18:57:40,899 - INFO - Starting download for endpoint: materials.magnetism
2025-10-11 18:57:40,900 - INFO - Downloading chunk 1 (offset: 0)
2025-10-11 18:57:40,900 - ERROR - Error downloading chunk 1: MagnetismRester.search() got an unexpected keyword argument '_skip'
2025-10-11 18:57:40,900 - INFO - Downloading chunk 1 (offset: 5000)
2025-10-11 18:57:40,900 - ERROR - Error downloading chunk 1: MagnetismRester.search() got an unexpected keyword argument '_skip'
2025-10-11 18:57:40,900 - INFO - Downloading chunk 1 (offset: 10000)
2025-10-11 18:57:40,900 - ERROR - Error downloading chunk 1: MagnetismRester.search() got an unexpected keyword argument '_skip'
2025-10-11 18:57:40,900 - INFO - Downloading chunk 1 (offset: 15000)
2025-10-11 18:57:40,900 - ERROR - Error downloading chunk 1: MagnetismRester.search() got an unexpected keyword argument '_skip'
2025-10-11 18:57:40,901 - INFO - Downloading chunk 1 (offset: 20000)
2025-10-11 18:57:40,901 - ERROR - Error downloading chunk 1: MagnetismRester.search() got an unexpected keyword argument '_skip'
2025-10-11 18:57:40,901 - INFO - Downloading chunk 1 (offset: 25000)
2025-10-11 18:57:40,901 - ERROR - Error downloading chunk 1: MagnetismRester.search() got an unexpected keyword argument '_skip'
2025-10-11 18:57:40,902 - INFO - Downloading chunk 1 (offset: 30000)
2025-10-11 18:57:40,902 - ERROR - Error downloading chunk 1: MagnetismRester.search() got an unexpected keyword argument '_skip'
2025-10-11 18:57:40,902 - INFO - Downloading chunk 1 (offset: 35000)
2025-10-11 18:57:40,902 - ERROR - Error downloading chunk 1: MagnetismRester.search() got an unexpected keyword argument '_skip'
2025-10-11 18:57:40,902 - INFO - Downloading chunk 1 (offset: 40000)
2025-10-11 18:57:40,903 - ERROR - Error downloading chunk 1: MagnetismRester.search() got an unexpected keyword argument '_skip'
2025-10-11 18:57:40,903 - INFO - Downloading chunk 1 (offset: 45000)
2025-10-11 18:57:40,903 - ERROR - Error downloading chunk 1: MagnetismRester.search() got an unexpected keyword argument '_skip'
2025-10-11 18:57:40,903 - INFO - Downloading chunk 1 (offset: 50000)
2025-10-11 18:57:40,903 - ERROR - Error downloading chunk 1: MagnetismRester.search() got an unexpected keyword argument '_skip'
2025-10-11 18:57:40,903 - ERROR - Too many chunk errors, stopping download
2025-10-11 18:57:40,903 - INFO - Completed materials.magnetism: 0 materials in 0.00s
2025-10-11 18:57:40,904 - INFO - Progress: 11/40 endpoints completed
2025-10-11 18:57:40,904 - INFO - Total time elapsed: 1.66 hours
2025-10-11 18:57:40,904 - INFO - Total materials downloaded so far: 0
2025-10-11 18:57:40,904 - INFO - 
============================================================
2025-10-11 18:57:40,904 - INFO - ENDPOINT 12/40: materials.absorption
2025-10-11 18:57:40,904 - INFO - Description: Optical absorption spectra
2025-10-11 18:57:40,904 - INFO - ============================================================
2025-10-11 18:57:40,917 - INFO - Endpoint materials.absorption: 28 fields available
2025-10-11 18:57:40,917 - INFO - Starting download for endpoint: materials.absorption
2025-10-11 18:57:40,917 - INFO - Downloading chunk 1 (offset: 0)
2025-10-11 18:57:40,917 - ERROR - Error downloading chunk 1: AbsorptionRester.search() got an unexpected keyword argument '_skip'
2025-10-11 18:57:40,917 - INFO - Downloading chunk 1 (offset: 5000)
2025-10-11 18:57:40,918 - ERROR - Error downloading chunk 1: AbsorptionRester.search() got an unexpected keyword argument '_skip'
2025-10-11 18:57:40,918 - INFO - Downloading chunk 1 (offset: 10000)
2025-10-11 18:57:40,918 - ERROR - Error downloading chunk 1: AbsorptionRester.search() got an unexpected keyword argument '_skip'
2025-10-11 18:57:40,919 - INFO - Downloading chunk 1 (offset: 15000)
2025-10-11 18:57:40,919 - ERROR - Error downloading chunk 1: AbsorptionRester.search() got an unexpected keyword argument '_skip'
2025-10-11 18:57:40,919 - INFO - Downloading chunk 1 (offset: 20000)
2025-10-11 18:57:40,919 - ERROR - Error downloading chunk 1: AbsorptionRester.search() got an unexpected keyword argument '_skip'
2025-10-11 18:57:40,919 - INFO - Downloading chunk 1 (offset: 25000)
2025-10-11 18:57:40,919 - ERROR - Error downloading chunk 1: AbsorptionRester.search() got an unexpected keyword argument '_skip'
2025-10-11 18:57:40,920 - INFO - Downloading chunk 1 (offset: 30000)
2025-10-11 18:57:40,920 - ERROR - Error downloading chunk 1: AbsorptionRester.search() got an unexpected keyword argument '_skip'
2025-10-11 18:57:40,920 - INFO - Downloading chunk 1 (offset: 35000)
2025-10-11 18:57:40,920 - ERROR - Error downloading chunk 1: AbsorptionRester.search() got an unexpected keyword argument '_skip'
2025-10-11 18:57:40,920 - INFO - Downloading chunk 1 (offset: 40000)
2025-10-11 18:57:40,920 - ERROR - Error downloading chunk 1: AbsorptionRester.search() got an unexpected keyword argument '_skip'
2025-10-11 18:57:40,921 - INFO - Downloading chunk 1 (offset: 45000)
2025-10-11 18:57:40,921 - ERROR - Error downloading chunk 1: AbsorptionRester.search() got an unexpected keyword argument '_skip'
2025-10-11 18:57:40,921 - INFO - Downloading chunk 1 (offset: 50000)
2025-10-11 18:57:40,921 - ERROR - Error downloading chunk 1: AbsorptionRester.search() got an unexpected keyword argument '_skip'
2025-10-11 18:57:40,921 - ERROR - Too many chunk errors, stopping download
2025-10-11 18:57:40,921 - INFO - Completed materials.absorption: 0 materials in 0.00s
2025-10-11 18:57:40,921 - INFO - Progress: 12/40 endpoints completed
2025-10-11 18:57:40,921 - INFO - Total time elapsed: 1.66 hours
2025-10-11 18:57:40,922 - INFO - Total materials downloaded so far: 0
2025-10-11 18:57:40,922 - INFO - 
============================================================
2025-10-11 18:57:40,922 - INFO - ENDPOINT 13/40: materials.eos
2025-10-11 18:57:40,922 - INFO - Description: Equations of state
2025-10-11 18:57:40,922 - INFO - ============================================================
2025-10-11 18:57:40,925 - INFO - Endpoint materials.eos: 4 fields available
2025-10-11 18:57:40,925 - INFO - Starting download for endpoint: materials.eos
2025-10-11 18:57:40,925 - INFO - Downloading chunk 1 (offset: 0)
2025-10-11 18:57:40,925 - ERROR - Error downloading chunk 1: EOSRester.search() got an unexpected keyword argument '_skip'
2025-10-11 18:57:40,926 - INFO - Downloading chunk 1 (offset: 5000)
2025-10-11 18:57:40,926 - ERROR - Error downloading chunk 1: EOSRester.search() got an unexpected keyword argument '_skip'
2025-10-11 18:57:40,926 - INFO - Downloading chunk 1 (offset: 10000)
2025-10-11 18:57:40,927 - ERROR - Error downloading chunk 1: EOSRester.search() got an unexpected keyword argument '_skip'
2025-10-11 18:57:40,927 - INFO - Downloading chunk 1 (offset: 15000)
2025-10-11 18:57:40,927 - ERROR - Error downloading chunk 1: EOSRester.search() got an unexpected keyword argument '_skip'
2025-10-11 18:57:40,927 - INFO - Downloading chunk 1 (offset: 20000)
2025-10-11 18:57:40,928 - ERROR - Error downloading chunk 1: EOSRester.search() got an unexpected keyword argument '_skip'
2025-10-11 18:57:40,928 - INFO - Downloading chunk 1 (offset: 25000)
2025-10-11 18:57:40,928 - ERROR - Error downloading chunk 1: EOSRester.search() got an unexpected keyword argument '_skip'
2025-10-11 18:57:40,928 - INFO - Downloading chunk 1 (offset: 30000)
2025-10-11 18:57:40,928 - ERROR - Error downloading chunk 1: EOSRester.search() got an unexpected keyword argument '_skip'
2025-10-11 18:57:40,928 - INFO - Downloading chunk 1 (offset: 35000)
2025-10-11 18:57:40,929 - ERROR - Error downloading chunk 1: EOSRester.search() got an unexpected keyword argument '_skip'
2025-10-11 18:57:40,929 - INFO - Downloading chunk 1 (offset: 40000)
2025-10-11 18:57:40,929 - ERROR - Error downloading chunk 1: EOSRester.search() got an unexpected keyword argument '_skip'
2025-10-11 18:57:40,929 - INFO - Downloading chunk 1 (offset: 45000)
2025-10-11 18:57:40,929 - ERROR - Error downloading chunk 1: EOSRester.search() got an unexpected keyword argument '_skip'
2025-10-11 18:57:40,929 - INFO - Downloading chunk 1 (offset: 50000)
2025-10-11 18:57:40,930 - ERROR - Error downloading chunk 1: EOSRester.search() got an unexpected keyword argument '_skip'
2025-10-11 18:57:40,930 - ERROR - Too many chunk errors, stopping download
2025-10-11 18:57:40,930 - INFO - Completed materials.eos: 0 materials in 0.00s
2025-10-11 18:57:40,930 - INFO - Progress: 13/40 endpoints completed
2025-10-11 18:57:40,930 - INFO - Total time elapsed: 1.66 hours
2025-10-11 18:57:40,930 - INFO - Total materials downloaded so far: 0
2025-10-11 18:57:40,930 - INFO - 
============================================================
2025-10-11 18:57:40,930 - INFO - ENDPOINT 14/40: materials.bonds
2025-10-11 18:57:40,931 - INFO - Description: Chemical bonding analysis
2025-10-11 18:57:40,931 - INFO - ============================================================
2025-10-11 18:57:40,942 - INFO - Endpoint materials.bonds: 26 fields available
2025-10-11 18:57:40,942 - INFO - Starting download for endpoint: materials.bonds
2025-10-11 18:57:40,943 - INFO - Downloading chunk 1 (offset: 0)
2025-10-11 18:57:40,943 - ERROR - Error downloading chunk 1: BondsRester.search() got an unexpected keyword argument '_skip'
2025-10-11 18:57:40,943 - INFO - Downloading chunk 1 (offset: 5000)
2025-10-11 18:57:40,944 - ERROR - Error downloading chunk 1: BondsRester.search() got an unexpected keyword argument '_skip'
2025-10-11 18:57:40,944 - INFO - Downloading chunk 1 (offset: 10000)
2025-10-11 18:57:40,944 - ERROR - Error downloading chunk 1: BondsRester.search() got an unexpected keyword argument '_skip'
2025-10-11 18:57:40,944 - INFO - Downloading chunk 1 (offset: 15000)
2025-10-11 18:57:40,944 - ERROR - Error downloading chunk 1: BondsRester.search() got an unexpected keyword argument '_skip'
2025-10-11 18:57:40,944 - INFO - Downloading chunk 1 (offset: 20000)
2025-10-11 18:57:40,944 - ERROR - Error downloading chunk 1: BondsRester.search() got an unexpected keyword argument '_skip'
2025-10-11 18:57:40,944 - INFO - Downloading chunk 1 (offset: 25000)
2025-10-11 18:57:40,944 - ERROR - Error downloading chunk 1: BondsRester.search() got an unexpected keyword argument '_skip'
2025-10-11 18:57:40,946 - INFO - Downloading chunk 1 (offset: 30000)
2025-10-11 18:57:40,946 - ERROR - Error downloading chunk 1: BondsRester.search() got an unexpected keyword argument '_skip'
2025-10-11 18:57:40,946 - INFO - Downloading chunk 1 (offset: 35000)
2025-10-11 18:57:40,946 - ERROR - Error downloading chunk 1: BondsRester.search() got an unexpected keyword argument '_skip'
2025-10-11 18:57:40,946 - INFO - Downloading chunk 1 (offset: 40000)
2025-10-11 18:57:40,946 - ERROR - Error downloading chunk 1: BondsRester.search() got an unexpected keyword argument '_skip'
2025-10-11 18:57:40,947 - INFO - Downloading chunk 1 (offset: 45000)
2025-10-11 18:57:40,947 - ERROR - Error downloading chunk 1: BondsRester.search() got an unexpected keyword argument '_skip'
2025-10-11 18:57:40,947 - INFO - Downloading chunk 1 (offset: 50000)
2025-10-11 18:57:40,947 - ERROR - Error downloading chunk 1: BondsRester.search() got an unexpected keyword argument '_skip'
2025-10-11 18:57:40,947 - ERROR - Too many chunk errors, stopping download
2025-10-11 18:57:40,947 - INFO - Completed materials.bonds: 0 materials in 0.00s
2025-10-11 18:57:40,948 - INFO - Progress: 14/40 endpoints completed
2025-10-11 18:57:40,948 - INFO - Total time elapsed: 1.66 hours
2025-10-11 18:57:40,948 - INFO - Total materials downloaded so far: 0
2025-10-11 18:57:40,948 - INFO - 
============================================================
2025-10-11 18:57:40,948 - INFO - ENDPOINT 15/40: materials.chemenv
2025-10-11 18:57:40,948 - INFO - Description: Chemical environment analysis
2025-10-11 18:57:40,948 - INFO - ============================================================
2025-10-11 18:57:40,960 - INFO - Endpoint materials.chemenv: 32 fields available
2025-10-11 18:57:40,960 - INFO - Starting download for endpoint: materials.chemenv
2025-10-11 18:57:40,961 - INFO - Downloading chunk 1 (offset: 0)
2025-10-11 18:57:40,962 - ERROR - Error downloading chunk 1: ChemenvRester.search() got an unexpected keyword argument '_skip'
2025-10-11 18:57:40,962 - INFO - Downloading chunk 1 (offset: 5000)
2025-10-11 18:57:40,962 - ERROR - Error downloading chunk 1: ChemenvRester.search() got an unexpected keyword argument '_skip'
2025-10-11 18:57:40,963 - INFO - Downloading chunk 1 (offset: 10000)
2025-10-11 18:57:40,963 - ERROR - Error downloading chunk 1: ChemenvRester.search() got an unexpected keyword argument '_skip'
2025-10-11 18:57:40,963 - INFO - Downloading chunk 1 (offset: 15000)
2025-10-11 18:57:40,963 - ERROR - Error downloading chunk 1: ChemenvRester.search() got an unexpected keyword argument '_skip'
2025-10-11 18:57:40,963 - INFO - Downloading chunk 1 (offset: 20000)
2025-10-11 18:57:40,963 - ERROR - Error downloading chunk 1: ChemenvRester.search() got an unexpected keyword argument '_skip'
2025-10-11 18:57:40,964 - INFO - Downloading chunk 1 (offset: 25000)
2025-10-11 18:57:40,964 - ERROR - Error downloading chunk 1: ChemenvRester.search() got an unexpected keyword argument '_skip'
2025-10-11 18:57:40,964 - INFO - Downloading chunk 1 (offset: 30000)
2025-10-11 18:57:40,964 - ERROR - Error downloading chunk 1: ChemenvRester.search() got an unexpected keyword argument '_skip'
2025-10-11 18:57:40,964 - INFO - Downloading chunk 1 (offset: 35000)
2025-10-11 18:57:40,964 - ERROR - Error downloading chunk 1: ChemenvRester.search() got an unexpected keyword argument '_skip'
2025-10-11 18:57:40,965 - INFO - Downloading chunk 1 (offset: 40000)
2025-10-11 18:57:40,965 - ERROR - Error downloading chunk 1: ChemenvRester.search() got an unexpected keyword argument '_skip'
2025-10-11 18:57:40,965 - INFO - Downloading chunk 1 (offset: 45000)
2025-10-11 18:57:40,965 - ERROR - Error downloading chunk 1: ChemenvRester.search() got an unexpected keyword argument '_skip'
2025-10-11 18:57:40,965 - INFO - Downloading chunk 1 (offset: 50000)
2025-10-11 18:57:40,965 - ERROR - Error downloading chunk 1: ChemenvRester.search() got an unexpected keyword argument '_skip'
2025-10-11 18:57:40,966 - ERROR - Too many chunk errors, stopping download
2025-10-11 18:57:40,966 - INFO - Completed materials.chemenv: 0 materials in 0.01s
2025-10-11 18:57:40,966 - INFO - Progress: 15/40 endpoints completed
2025-10-11 18:57:40,966 - INFO - Total time elapsed: 1.66 hours
2025-10-11 18:57:40,966 - INFO - Total materials downloaded so far: 0
2025-10-11 18:57:40,966 - INFO - 
============================================================
2025-10-11 18:57:40,966 - INFO - ENDPOINT 16/40: materials.robocrys
2025-10-11 18:57:40,966 - INFO - Description: Automated structure description
2025-10-11 18:57:40,966 - INFO - ============================================================
2025-10-11 18:57:40,966 - INFO - Skipping materials.robocrys - no data available
2025-10-11 18:57:40,967 - INFO - 
============================================================
2025-10-11 18:57:40,967 - INFO - ENDPOINT 17/40: materials.similarity
2025-10-11 18:57:40,967 - INFO - Description: Structure similarity data
2025-10-11 18:57:40,968 - INFO - ============================================================
2025-10-11 18:57:40,971 - INFO - Endpoint materials.similarity: 2 fields available
2025-10-11 18:57:40,971 - INFO - Starting download for endpoint: materials.similarity
2025-10-11 18:57:40,972 - INFO - Downloading chunk 1 (offset: 0)
2025-10-11 18:57:40,972 - ERROR - Error downloading chunk 1: SimilarityRester.search() got an unexpected keyword argument '_skip'
2025-10-11 18:57:40,972 - INFO - Downloading chunk 1 (offset: 5000)
2025-10-11 18:57:40,973 - ERROR - Error downloading chunk 1: SimilarityRester.search() got an unexpected keyword argument '_skip'
2025-10-11 18:57:40,973 - INFO - Downloading chunk 1 (offset: 10000)
2025-10-11 18:57:40,973 - ERROR - Error downloading chunk 1: SimilarityRester.search() got an unexpected keyword argument '_skip'
2025-10-11 18:57:40,973 - INFO - Downloading chunk 1 (offset: 15000)
2025-10-11 18:57:40,973 - ERROR - Error downloading chunk 1: SimilarityRester.search() got an unexpected keyword argument '_skip'
2025-10-11 18:57:40,973 - INFO - Downloading chunk 1 (offset: 20000)
2025-10-11 18:57:40,974 - ERROR - Error downloading chunk 1: SimilarityRester.search() got an unexpected keyword argument '_skip'
2025-10-11 18:57:40,974 - INFO - Downloading chunk 1 (offset: 25000)
2025-10-11 18:57:40,974 - ERROR - Error downloading chunk 1: SimilarityRester.search() got an unexpected keyword argument '_skip'
2025-10-11 18:57:40,974 - INFO - Downloading chunk 1 (offset: 30000)
2025-10-11 18:57:40,974 - ERROR - Error downloading chunk 1: SimilarityRester.search() got an unexpected keyword argument '_skip'
2025-10-11 18:57:40,974 - INFO - Downloading chunk 1 (offset: 35000)
2025-10-11 18:57:40,974 - ERROR - Error downloading chunk 1: SimilarityRester.search() got an unexpected keyword argument '_skip'
2025-10-11 18:57:40,975 - INFO - Downloading chunk 1 (offset: 40000)
2025-10-11 18:57:40,975 - ERROR - Error downloading chunk 1: SimilarityRester.search() got an unexpected keyword argument '_skip'
2025-10-11 18:57:40,975 - INFO - Downloading chunk 1 (offset: 45000)
2025-10-11 18:57:40,975 - ERROR - Error downloading chunk 1: SimilarityRester.search() got an unexpected keyword argument '_skip'
2025-10-11 18:57:40,975 - INFO - Downloading chunk 1 (offset: 50000)
2025-10-11 18:57:40,975 - ERROR - Error downloading chunk 1: SimilarityRester.search() got an unexpected keyword argument '_skip'
2025-10-11 18:57:40,976 - ERROR - Too many chunk errors, stopping download
2025-10-11 18:57:40,976 - INFO - Completed materials.similarity: 0 materials in 0.00s
2025-10-11 18:57:40,976 - INFO - Progress: 17/40 endpoints completed
2025-10-11 18:57:40,976 - INFO - Total time elapsed: 1.66 hours
2025-10-11 18:57:40,976 - INFO - Total materials downloaded so far: 0
2025-10-11 18:57:40,976 - INFO - 
============================================================
2025-10-11 18:57:40,977 - INFO - ENDPOINT 18/40: materials.oxidation_states
2025-10-11 18:57:40,977 - INFO - Description: Oxidation state assignments
2025-10-11 18:57:40,977 - INFO - ============================================================
2025-10-11 18:57:40,988 - INFO - Endpoint materials.oxidation_states: 25 fields available
2025-10-11 18:57:40,989 - INFO - Starting download for endpoint: materials.oxidation_states
2025-10-11 18:57:40,989 - INFO - Downloading chunk 1 (offset: 0)
2025-10-11 18:57:40,990 - ERROR - Error downloading chunk 1: OxidationStatesRester.search() got an unexpected keyword argument '_skip'
2025-10-11 18:57:40,990 - INFO - Downloading chunk 1 (offset: 5000)
2025-10-11 18:57:40,990 - ERROR - Error downloading chunk 1: OxidationStatesRester.search() got an unexpected keyword argument '_skip'
2025-10-11 18:57:40,990 - INFO - Downloading chunk 1 (offset: 10000)
2025-10-11 18:57:40,990 - ERROR - Error downloading chunk 1: OxidationStatesRester.search() got an unexpected keyword argument '_skip'
2025-10-11 18:57:40,991 - INFO - Downloading chunk 1 (offset: 15000)
2025-10-11 18:57:40,991 - ERROR - Error downloading chunk 1: OxidationStatesRester.search() got an unexpected keyword argument '_skip'
2025-10-11 18:57:40,991 - INFO - Downloading chunk 1 (offset: 20000)
2025-10-11 18:57:40,991 - ERROR - Error downloading chunk 1: OxidationStatesRester.search() got an unexpected keyword argument '_skip'
2025-10-11 18:57:40,991 - INFO - Downloading chunk 1 (offset: 25000)
2025-10-11 18:57:40,991 - ERROR - Error downloading chunk 1: OxidationStatesRester.search() got an unexpected keyword argument '_skip'
2025-10-11 18:57:40,991 - INFO - Downloading chunk 1 (offset: 30000)
2025-10-11 18:57:40,992 - ERROR - Error downloading chunk 1: OxidationStatesRester.search() got an unexpected keyword argument '_skip'
2025-10-11 18:57:40,992 - INFO - Downloading chunk 1 (offset: 35000)
2025-10-11 18:57:40,992 - ERROR - Error downloading chunk 1: OxidationStatesRester.search() got an unexpected keyword argument '_skip'
2025-10-11 18:57:40,992 - INFO - Downloading chunk 1 (offset: 40000)
2025-10-11 18:57:40,992 - ERROR - Error downloading chunk 1: OxidationStatesRester.search() got an unexpected keyword argument '_skip'
2025-10-11 18:57:40,992 - INFO - Downloading chunk 1 (offset: 45000)
2025-10-11 18:57:40,992 - ERROR - Error downloading chunk 1: OxidationStatesRester.search() got an unexpected keyword argument '_skip'
2025-10-11 18:57:40,992 - INFO - Downloading chunk 1 (offset: 50000)
2025-10-11 18:57:40,993 - ERROR - Error downloading chunk 1: OxidationStatesRester.search() got an unexpected keyword argument '_skip'
2025-10-11 18:57:40,993 - ERROR - Too many chunk errors, stopping download
2025-10-11 18:57:40,993 - INFO - Completed materials.oxidation_states: 0 materials in 0.00s
2025-10-11 18:57:40,994 - INFO - Progress: 18/40 endpoints completed
2025-10-11 18:57:40,994 - INFO - Total time elapsed: 1.66 hours
2025-10-11 18:57:40,994 - INFO - Total materials downloaded so far: 0
2025-10-11 18:57:40,994 - INFO - 
============================================================
2025-10-11 18:57:40,994 - INFO - ENDPOINT 19/40: materials.insertion_electrodes
2025-10-11 18:57:40,995 - INFO - Description: Battery electrode materials
2025-10-11 18:57:40,995 - INFO - ============================================================
2025-10-11 18:57:40,995 - INFO - Skipping materials.insertion_electrodes - no data available
2025-10-11 18:57:40,995 - INFO - 
============================================================
2025-10-11 18:57:40,995 - INFO - ENDPOINT 20/40: materials.surface_properties
2025-10-11 18:57:40,995 - INFO - Description: Surface properties
2025-10-11 18:57:40,995 - INFO - ============================================================
2025-10-11 18:57:41,001 - INFO - Endpoint materials.surface_properties: 10 fields available
2025-10-11 18:57:41,002 - INFO - Starting download for endpoint: materials.surface_properties
2025-10-11 18:57:41,002 - INFO - Downloading chunk 1 (offset: 0)
2025-10-11 18:57:41,003 - ERROR - Error downloading chunk 1: SurfacePropertiesRester.search() got an unexpected keyword argument '_skip'
2025-10-11 18:57:41,003 - INFO - Downloading chunk 1 (offset: 5000)
2025-10-11 18:57:41,003 - ERROR - Error downloading chunk 1: SurfacePropertiesRester.search() got an unexpected keyword argument '_skip'
2025-10-11 18:57:41,003 - INFO - Downloading chunk 1 (offset: 10000)
2025-10-11 18:57:41,003 - ERROR - Error downloading chunk 1: SurfacePropertiesRester.search() got an unexpected keyword argument '_skip'
2025-10-11 18:57:41,003 - INFO - Downloading chunk 1 (offset: 15000)
2025-10-11 18:57:41,003 - ERROR - Error downloading chunk 1: SurfacePropertiesRester.search() got an unexpected keyword argument '_skip'
2025-10-11 18:57:41,003 - INFO - Downloading chunk 1 (offset: 20000)
2025-10-11 18:57:41,004 - ERROR - Error downloading chunk 1: SurfacePropertiesRester.search() got an unexpected keyword argument '_skip'
2025-10-11 18:57:41,004 - INFO - Downloading chunk 1 (offset: 25000)
2025-10-11 18:57:41,004 - ERROR - Error downloading chunk 1: SurfacePropertiesRester.search() got an unexpected keyword argument '_skip'
2025-10-11 18:57:41,004 - INFO - Downloading chunk 1 (offset: 30000)
2025-10-11 18:57:41,004 - ERROR - Error downloading chunk 1: SurfacePropertiesRester.search() got an unexpected keyword argument '_skip'
2025-10-11 18:57:41,004 - INFO - Downloading chunk 1 (offset: 35000)
2025-10-11 18:57:41,004 - ERROR - Error downloading chunk 1: SurfacePropertiesRester.search() got an unexpected keyword argument '_skip'
2025-10-11 18:57:41,005 - INFO - Downloading chunk 1 (offset: 40000)
2025-10-11 18:57:41,005 - ERROR - Error downloading chunk 1: SurfacePropertiesRester.search() got an unexpected keyword argument '_skip'
2025-10-11 18:57:41,005 - INFO - Downloading chunk 1 (offset: 45000)
2025-10-11 18:57:41,005 - ERROR - Error downloading chunk 1: SurfacePropertiesRester.search() got an unexpected keyword argument '_skip'
2025-10-11 18:57:41,005 - INFO - Downloading chunk 1 (offset: 50000)
2025-10-11 18:57:41,005 - ERROR - Error downloading chunk 1: SurfacePropertiesRester.search() got an unexpected keyword argument '_skip'
2025-10-11 18:57:41,006 - ERROR - Too many chunk errors, stopping download
2025-10-11 18:57:41,006 - INFO - Completed materials.surface_properties: 0 materials in 0.00s
2025-10-11 18:57:41,006 - INFO - Progress: 20/40 endpoints completed
2025-10-11 18:57:41,007 - INFO - Total time elapsed: 1.66 hours
2025-10-11 18:57:41,007 - INFO - Total materials downloaded so far: 0
2025-10-11 18:57:41,007 - INFO - 
============================================================
2025-10-11 18:57:41,007 - INFO - ENDPOINT 21/40: materials.substrates
2025-10-11 18:57:41,007 - INFO - Description: Substrate matching data
2025-10-11 18:57:41,007 - INFO - ============================================================
2025-10-11 18:57:41,008 - INFO - Skipping materials.substrates - no data available
2025-10-11 18:57:41,008 - INFO - 
============================================================
2025-10-11 18:57:41,008 - INFO - ENDPOINT 22/40: materials.grain_boundaries
2025-10-11 18:57:41,008 - INFO - Description: Grain boundary properties
2025-10-11 18:57:41,008 - INFO - ============================================================
2025-10-11 18:57:41,012 - INFO - Endpoint materials.grain_boundaries: 14 fields available
2025-10-11 18:57:41,012 - INFO - Starting download for endpoint: materials.grain_boundaries
2025-10-11 18:57:41,013 - INFO - Downloading chunk 1 (offset: 0)
2025-10-11 18:57:41,013 - ERROR - Error downloading chunk 1: GrainBoundaryRester.search() got an unexpected keyword argument '_skip'
2025-10-11 18:57:41,014 - INFO - Downloading chunk 1 (offset: 5000)
2025-10-11 18:57:41,014 - ERROR - Error downloading chunk 1: GrainBoundaryRester.search() got an unexpected keyword argument '_skip'
2025-10-11 18:57:41,014 - INFO - Downloading chunk 1 (offset: 10000)
2025-10-11 18:57:41,015 - ERROR - Error downloading chunk 1: GrainBoundaryRester.search() got an unexpected keyword argument '_skip'
2025-10-11 18:57:41,015 - INFO - Downloading chunk 1 (offset: 15000)
2025-10-11 18:57:41,015 - ERROR - Error downloading chunk 1: GrainBoundaryRester.search() got an unexpected keyword argument '_skip'
2025-10-11 18:57:41,015 - INFO - Downloading chunk 1 (offset: 20000)
2025-10-11 18:57:41,015 - ERROR - Error downloading chunk 1: GrainBoundaryRester.search() got an unexpected keyword argument '_skip'
2025-10-11 18:57:41,015 - INFO - Downloading chunk 1 (offset: 25000)
2025-10-11 18:57:41,016 - ERROR - Error downloading chunk 1: GrainBoundaryRester.search() got an unexpected keyword argument '_skip'
2025-10-11 18:57:41,016 - INFO - Downloading chunk 1 (offset: 30000)
2025-10-11 18:57:41,016 - ERROR - Error downloading chunk 1: GrainBoundaryRester.search() got an unexpected keyword argument '_skip'
2025-10-11 18:57:41,016 - INFO - Downloading chunk 1 (offset: 35000)
2025-10-11 18:57:41,016 - ERROR - Error downloading chunk 1: GrainBoundaryRester.search() got an unexpected keyword argument '_skip'
2025-10-11 18:57:41,016 - INFO - Downloading chunk 1 (offset: 40000)
2025-10-11 18:57:41,016 - ERROR - Error downloading chunk 1: GrainBoundaryRester.search() got an unexpected keyword argument '_skip'
2025-10-11 18:57:41,017 - INFO - Downloading chunk 1 (offset: 45000)
2025-10-11 18:57:41,017 - ERROR - Error downloading chunk 1: GrainBoundaryRester.search() got an unexpected keyword argument '_skip'
2025-10-11 18:57:41,017 - INFO - Downloading chunk 1 (offset: 50000)
2025-10-11 18:57:41,017 - ERROR - Error downloading chunk 1: GrainBoundaryRester.search() got an unexpected keyword argument '_skip'
2025-10-11 18:57:41,017 - ERROR - Too many chunk errors, stopping download
2025-10-11 18:57:41,017 - INFO - Completed materials.grain_boundaries: 0 materials in 0.00s
2025-10-11 18:57:41,018 - INFO - Progress: 22/40 endpoints completed
2025-10-11 18:57:41,018 - INFO - Total time elapsed: 1.66 hours
2025-10-11 18:57:41,018 - INFO - Total materials downloaded so far: 0
2025-10-11 18:57:41,018 - INFO - 
============================================================
2025-10-11 18:57:41,018 - INFO - ENDPOINT 23/40: materials.synthesis
2025-10-11 18:57:41,018 - INFO - Description: Synthesis recipes and conditions
2025-10-11 18:57:41,019 - INFO - ============================================================
2025-10-11 18:57:41,019 - INFO - Skipping materials.synthesis - no data available
2025-10-11 18:57:41,019 - INFO - 
============================================================
2025-10-11 18:57:41,019 - INFO - ENDPOINT 24/40: materials.provenance
2025-10-11 18:57:41,019 - INFO - Description: Data provenance and experimental tags
2025-10-11 18:57:41,019 - INFO - ============================================================
2025-10-11 18:57:41,033 - INFO - Endpoint materials.provenance: 28 fields available
2025-10-11 18:57:41,033 - INFO - Starting download for endpoint: materials.provenance
2025-10-11 18:57:41,034 - INFO - Downloading chunk 1 (offset: 0)
2025-10-11 18:57:41,034 - ERROR - Error downloading chunk 1: ProvenanceRester.search() got an unexpected keyword argument '_skip'
2025-10-11 18:57:41,034 - INFO - Downloading chunk 1 (offset: 5000)
2025-10-11 18:57:41,034 - ERROR - Error downloading chunk 1: ProvenanceRester.search() got an unexpected keyword argument '_skip'
2025-10-11 18:57:41,035 - INFO - Downloading chunk 1 (offset: 10000)
2025-10-11 18:57:41,035 - ERROR - Error downloading chunk 1: ProvenanceRester.search() got an unexpected keyword argument '_skip'
2025-10-11 18:57:41,035 - INFO - Downloading chunk 1 (offset: 15000)
2025-10-11 18:57:41,036 - ERROR - Error downloading chunk 1: ProvenanceRester.search() got an unexpected keyword argument '_skip'
2025-10-11 18:57:41,036 - INFO - Downloading chunk 1 (offset: 20000)
2025-10-11 18:57:41,036 - ERROR - Error downloading chunk 1: ProvenanceRester.search() got an unexpected keyword argument '_skip'
2025-10-11 18:57:41,036 - INFO - Downloading chunk 1 (offset: 25000)
2025-10-11 18:57:41,036 - ERROR - Error downloading chunk 1: ProvenanceRester.search() got an unexpected keyword argument '_skip'
2025-10-11 18:57:41,036 - INFO - Downloading chunk 1 (offset: 30000)
2025-10-11 18:57:41,036 - ERROR - Error downloading chunk 1: ProvenanceRester.search() got an unexpected keyword argument '_skip'
2025-10-11 18:57:41,037 - INFO - Downloading chunk 1 (offset: 35000)
2025-10-11 18:57:41,037 - ERROR - Error downloading chunk 1: ProvenanceRester.search() got an unexpected keyword argument '_skip'
2025-10-11 18:57:41,037 - INFO - Downloading chunk 1 (offset: 40000)
2025-10-11 18:57:41,037 - ERROR - Error downloading chunk 1: ProvenanceRester.search() got an unexpected keyword argument '_skip'
2025-10-11 18:57:41,037 - INFO - Downloading chunk 1 (offset: 45000)
2025-10-11 18:57:41,037 - ERROR - Error downloading chunk 1: ProvenanceRester.search() got an unexpected keyword argument '_skip'
2025-10-11 18:57:41,037 - INFO - Downloading chunk 1 (offset: 50000)
2025-10-11 18:57:41,038 - ERROR - Error downloading chunk 1: ProvenanceRester.search() got an unexpected keyword argument '_skip'
2025-10-11 18:57:41,038 - ERROR - Too many chunk errors, stopping download
2025-10-11 18:57:41,038 - INFO - Completed materials.provenance: 0 materials in 0.00s
2025-10-11 18:57:41,038 - INFO - Progress: 24/40 endpoints completed
2025-10-11 18:57:41,038 - INFO - Total time elapsed: 1.66 hours
2025-10-11 18:57:41,038 - INFO - Total materials downloaded so far: 0
2025-10-11 18:57:41,039 - INFO - 
============================================================
2025-10-11 18:57:41,039 - INFO - ENDPOINT 25/40: materials.xas
2025-10-11 18:57:41,039 - INFO - Description: X-ray absorption spectroscopy
2025-10-11 18:57:41,039 - INFO - ============================================================
2025-10-11 18:57:41,050 - INFO - Endpoint materials.xas: 23 fields available
2025-10-11 18:57:41,050 - INFO - Starting download for endpoint: materials.xas
2025-10-11 18:57:41,051 - INFO - Downloading chunk 1 (offset: 0)
2025-10-11 18:57:41,052 - ERROR - Error downloading chunk 1: XASRester.search() got an unexpected keyword argument '_skip'
2025-10-11 18:57:41,052 - INFO - Downloading chunk 1 (offset: 5000)
2025-10-11 18:57:41,052 - ERROR - Error downloading chunk 1: XASRester.search() got an unexpected keyword argument '_skip'
2025-10-11 18:57:41,053 - INFO - Downloading chunk 1 (offset: 10000)
2025-10-11 18:57:41,053 - ERROR - Error downloading chunk 1: XASRester.search() got an unexpected keyword argument '_skip'
2025-10-11 18:57:41,053 - INFO - Downloading chunk 1 (offset: 15000)
2025-10-11 18:57:41,053 - ERROR - Error downloading chunk 1: XASRester.search() got an unexpected keyword argument '_skip'
2025-10-11 18:57:41,053 - INFO - Downloading chunk 1 (offset: 20000)
2025-10-11 18:57:41,053 - ERROR - Error downloading chunk 1: XASRester.search() got an unexpected keyword argument '_skip'
2025-10-11 18:57:41,054 - INFO - Downloading chunk 1 (offset: 25000)
2025-10-11 18:57:41,054 - ERROR - Error downloading chunk 1: XASRester.search() got an unexpected keyword argument '_skip'
2025-10-11 18:57:41,054 - INFO - Downloading chunk 1 (offset: 30000)
2025-10-11 18:57:41,054 - ERROR - Error downloading chunk 1: XASRester.search() got an unexpected keyword argument '_skip'
2025-10-11 18:57:41,054 - INFO - Downloading chunk 1 (offset: 35000)
2025-10-11 18:57:41,054 - ERROR - Error downloading chunk 1: XASRester.search() got an unexpected keyword argument '_skip'
2025-10-11 18:57:41,054 - INFO - Downloading chunk 1 (offset: 40000)
2025-10-11 18:57:41,054 - ERROR - Error downloading chunk 1: XASRester.search() got an unexpected keyword argument '_skip'
2025-10-11 18:57:41,054 - INFO - Downloading chunk 1 (offset: 45000)
2025-10-11 18:57:41,055 - ERROR - Error downloading chunk 1: XASRester.search() got an unexpected keyword argument '_skip'
2025-10-11 18:57:41,055 - INFO - Downloading chunk 1 (offset: 50000)
2025-10-11 18:57:41,055 - ERROR - Error downloading chunk 1: XASRester.search() got an unexpected keyword argument '_skip'
2025-10-11 18:57:41,056 - ERROR - Too many chunk errors, stopping download
2025-10-11 18:57:41,056 - INFO - Completed materials.xas: 0 materials in 0.01s
2025-10-11 18:57:41,056 - INFO - Progress: 25/40 endpoints completed
2025-10-11 18:57:41,056 - INFO - Total time elapsed: 1.66 hours
2025-10-11 18:57:41,056 - INFO - Total materials downloaded so far: 0
2025-10-11 18:57:41,056 - INFO - 
============================================================
2025-10-11 18:57:41,057 - INFO - ENDPOINT 26/40: materials.phonon
2025-10-11 18:57:41,057 - INFO - Description: Phonon band structures and DOS
2025-10-11 18:57:41,057 - INFO - ============================================================
2025-10-11 18:57:41,080 - INFO - Endpoint materials.phonon: 34 fields available
2025-10-11 18:57:41,081 - INFO - Starting download for endpoint: materials.phonon
2025-10-11 18:57:41,082 - INFO - Downloading chunk 1 (offset: 0)
2025-10-11 18:57:41,082 - ERROR - Error downloading chunk 1: PhononRester.search() got an unexpected keyword argument '_skip'
2025-10-11 18:57:41,082 - INFO - Downloading chunk 1 (offset: 5000)
2025-10-11 18:57:41,082 - ERROR - Error downloading chunk 1: PhononRester.search() got an unexpected keyword argument '_skip'
2025-10-11 18:57:41,083 - INFO - Downloading chunk 1 (offset: 10000)
2025-10-11 18:57:41,083 - ERROR - Error downloading chunk 1: PhononRester.search() got an unexpected keyword argument '_skip'
2025-10-11 18:57:41,083 - INFO - Downloading chunk 1 (offset: 15000)
2025-10-11 18:57:41,083 - ERROR - Error downloading chunk 1: PhononRester.search() got an unexpected keyword argument '_skip'
2025-10-11 18:57:41,083 - INFO - Downloading chunk 1 (offset: 20000)
2025-10-11 18:57:41,083 - ERROR - Error downloading chunk 1: PhononRester.search() got an unexpected keyword argument '_skip'
2025-10-11 18:57:41,083 - INFO - Downloading chunk 1 (offset: 25000)
2025-10-11 18:57:41,083 - ERROR - Error downloading chunk 1: PhononRester.search() got an unexpected keyword argument '_skip'
2025-10-11 18:57:41,083 - INFO - Downloading chunk 1 (offset: 30000)
2025-10-11 18:57:41,084 - ERROR - Error downloading chunk 1: PhononRester.search() got an unexpected keyword argument '_skip'
2025-10-11 18:57:41,084 - INFO - Downloading chunk 1 (offset: 35000)
2025-10-11 18:57:41,084 - ERROR - Error downloading chunk 1: PhononRester.search() got an unexpected keyword argument '_skip'
2025-10-11 18:57:41,085 - INFO - Downloading chunk 1 (offset: 40000)
2025-10-11 18:57:41,085 - ERROR - Error downloading chunk 1: PhononRester.search() got an unexpected keyword argument '_skip'
2025-10-11 18:57:41,085 - INFO - Downloading chunk 1 (offset: 45000)
2025-10-11 18:57:41,085 - ERROR - Error downloading chunk 1: PhononRester.search() got an unexpected keyword argument '_skip'
2025-10-11 18:57:41,085 - INFO - Downloading chunk 1 (offset: 50000)
2025-10-11 18:57:41,085 - ERROR - Error downloading chunk 1: PhononRester.search() got an unexpected keyword argument '_skip'
2025-10-11 18:57:41,085 - ERROR - Too many chunk errors, stopping download
2025-10-11 18:57:41,085 - INFO - Completed materials.phonon: 0 materials in 0.00s
2025-10-11 18:57:41,086 - INFO - Progress: 26/40 endpoints completed
2025-10-11 18:57:41,086 - INFO - Total time elapsed: 1.66 hours
2025-10-11 18:57:41,087 - INFO - Total materials downloaded so far: 0
2025-10-11 18:57:41,087 - INFO - 
============================================================
2025-10-11 18:57:41,087 - INFO - ENDPOINT 27/40: materials.alloys
2025-10-11 18:57:41,087 - INFO - Description: Alloy data (experimental)
2025-10-11 18:57:41,087 - INFO - ============================================================
2025-10-11 18:57:41,087 - INFO - Skipping materials.alloys - no data available
2025-10-11 18:57:41,088 - INFO - 
============================================================
2025-10-11 18:57:41,088 - INFO - ENDPOINT 28/40: molecules.summary
2025-10-11 18:57:41,088 - INFO - Description: Molecular summary data
2025-10-11 18:57:41,088 - INFO - ============================================================
2025-10-11 18:57:41,089 - INFO - Skipping molecules.summary - no data available
2025-10-11 18:57:41,089 - INFO - 
============================================================
2025-10-11 18:57:41,089 - INFO - ENDPOINT 29/40: molecules.core
2025-10-11 18:57:41,089 - INFO - Description: Core molecular data
2025-10-11 18:57:41,089 - INFO - ============================================================
2025-10-11 18:57:41,089 - INFO - Skipping molecules.core - no data available
2025-10-11 18:57:41,089 - INFO - 
============================================================
2025-10-11 18:57:41,089 - INFO - ENDPOINT 30/40: molecules.tasks
2025-10-11 18:57:41,089 - INFO - Description: Molecular calculation tasks
2025-10-11 18:57:41,090 - INFO - ============================================================
2025-10-11 18:57:41,090 - INFO - Skipping molecules.tasks - no data available
2025-10-11 18:57:41,090 - INFO - 
============================================================
2025-10-11 18:57:41,091 - INFO - ENDPOINT 31/40: molecules.thermo
2025-10-11 18:57:41,091 - INFO - Description: Molecular thermodynamics
2025-10-11 18:57:41,091 - INFO - ============================================================
2025-10-11 18:57:41,091 - INFO - Skipping molecules.thermo - no data available
2025-10-11 18:57:41,091 - INFO - 
============================================================
2025-10-11 18:57:41,091 - INFO - ENDPOINT 32/40: molecules.orbitals
2025-10-11 18:57:41,092 - INFO - Description: Molecular orbitals
2025-10-11 18:57:41,092 - INFO - ============================================================
2025-10-11 18:57:41,092 - INFO - Skipping molecules.orbitals - no data available
2025-10-11 18:57:41,092 - INFO - 
============================================================
2025-10-11 18:57:41,092 - INFO - ENDPOINT 33/40: molecules.vibrations
2025-10-11 18:57:41,092 - INFO - Description: Molecular vibrations
2025-10-11 18:57:41,092 - INFO - ============================================================
2025-10-11 18:57:41,093 - INFO - Skipping molecules.vibrations - no data available
2025-10-11 18:57:41,093 - INFO - 
============================================================
2025-10-11 18:57:41,093 - INFO - ENDPOINT 34/40: molecules.bonding
2025-10-11 18:57:41,093 - INFO - Description: Molecular bonding analysis
2025-10-11 18:57:41,093 - INFO - ============================================================
2025-10-11 18:57:41,093 - INFO - Skipping molecules.bonding - no data available
2025-10-11 18:57:41,093 - INFO - 
============================================================
2025-10-11 18:57:41,093 - INFO - ENDPOINT 35/40: molecules.partial_charges
2025-10-11 18:57:41,093 - INFO - Description: Partial atomic charges
2025-10-11 18:57:41,093 - INFO - ============================================================
2025-10-11 18:57:41,094 - INFO - Skipping molecules.partial_charges - no data available
2025-10-11 18:57:41,094 - INFO - 
============================================================
2025-10-11 18:57:41,094 - INFO - ENDPOINT 36/40: molecules.partial_spins
2025-10-11 18:57:41,095 - INFO - Description: Partial atomic spins
2025-10-11 18:57:41,095 - INFO - ============================================================
2025-10-11 18:57:41,095 - INFO - Skipping molecules.partial_spins - no data available
2025-10-11 18:57:41,095 - INFO - 
============================================================
2025-10-11 18:57:41,095 - INFO - ENDPOINT 37/40: molecules.redox
2025-10-11 18:57:41,095 - INFO - Description: Redox properties
2025-10-11 18:57:41,095 - INFO - ============================================================
2025-10-11 18:57:41,096 - INFO - Skipping molecules.redox - no data available
2025-10-11 18:57:41,096 - INFO - 
============================================================
2025-10-11 18:57:41,096 - INFO - ENDPOINT 38/40: molecules.jcesr
2025-10-11 18:57:41,096 - INFO - Description: Battery electrolyte molecules
2025-10-11 18:57:41,096 - INFO - ============================================================
2025-10-11 18:57:41,096 - INFO - Skipping molecules.jcesr - no data available
2025-10-11 18:57:41,097 - INFO - 
============================================================
2025-10-11 18:57:41,097 - INFO - ENDPOINT 39/40: molecules.assoc
2025-10-11 18:57:41,097 - INFO - Description: Molecular associations
2025-10-11 18:57:41,097 - INFO - ============================================================
2025-10-11 18:57:41,097 - INFO - Skipping molecules.assoc - no data available
2025-10-11 18:57:41,097 - INFO - 
============================================================
2025-10-11 18:57:41,098 - INFO - ENDPOINT 40/40: doi
2025-10-11 18:57:41,098 - INFO - Description: DOI references for materials
2025-10-11 18:57:41,098 - INFO - ============================================================
2025-10-11 18:57:41,100 - INFO - Endpoint doi: 3 fields available
2025-10-11 18:57:41,100 - INFO - Starting download for endpoint: doi
2025-10-11 18:57:41,101 - INFO - Downloading chunk 1 (offset: 0)
2025-10-11 18:57:41,101 - ERROR - Error downloading chunk 1: DOIRester.search() got an unexpected keyword argument '_skip'
2025-10-11 18:57:41,101 - INFO - Downloading chunk 1 (offset: 5000)
2025-10-11 18:57:41,101 - ERROR - Error downloading chunk 1: DOIRester.search() got an unexpected keyword argument '_skip'
2025-10-11 18:57:41,101 - INFO - Downloading chunk 1 (offset: 10000)
2025-10-11 18:57:41,102 - ERROR - Error downloading chunk 1: DOIRester.search() got an unexpected keyword argument '_skip'
2025-10-11 18:57:41,102 - INFO - Downloading chunk 1 (offset: 15000)
2025-10-11 18:57:41,102 - ERROR - Error downloading chunk 1: DOIRester.search() got an unexpected keyword argument '_skip'
2025-10-11 18:57:41,102 - INFO - Downloading chunk 1 (offset: 20000)
2025-10-11 18:57:41,102 - ERROR - Error downloading chunk 1: DOIRester.search() got an unexpected keyword argument '_skip'
2025-10-11 18:57:41,103 - INFO - Downloading chunk 1 (offset: 25000)
2025-10-11 18:57:41,103 - ERROR - Error downloading chunk 1: DOIRester.search() got an unexpected keyword argument '_skip'
2025-10-11 18:57:41,103 - INFO - Downloading chunk 1 (offset: 30000)
2025-10-11 18:57:41,103 - ERROR - Error downloading chunk 1: DOIRester.search() got an unexpected keyword argument '_skip'
2025-10-11 18:57:41,103 - INFO - Downloading chunk 1 (offset: 35000)
2025-10-11 18:57:41,103 - ERROR - Error downloading chunk 1: DOIRester.search() got an unexpected keyword argument '_skip'
2025-10-11 18:57:41,103 - INFO - Downloading chunk 1 (offset: 40000)
2025-10-11 18:57:41,104 - ERROR - Error downloading chunk 1: DOIRester.search() got an unexpected keyword argument '_skip'
2025-10-11 18:57:41,104 - INFO - Downloading chunk 1 (offset: 45000)
2025-10-11 18:57:41,104 - ERROR - Error downloading chunk 1: DOIRester.search() got an unexpected keyword argument '_skip'
2025-10-11 18:57:41,104 - INFO - Downloading chunk 1 (offset: 50000)
2025-10-11 18:57:41,104 - ERROR - Error downloading chunk 1: DOIRester.search() got an unexpected keyword argument '_skip'
2025-10-11 18:57:41,105 - ERROR - Too many chunk errors, stopping download
2025-10-11 18:57:41,105 - INFO - Completed doi: 0 materials in 0.01s
2025-10-11 18:57:41,105 - INFO - Progress: 40/40 endpoints completed
2025-10-11 18:57:41,105 - INFO - Total time elapsed: 1.66 hours
2025-10-11 18:57:41,105 - INFO - Total materials downloaded so far: 0
2025-10-11 18:57:41,115 - INFO - Detailed report saved to: materials_data\complete_database\download_report_20251011_185741.json
2025-10-11 18:57:41,116 - INFO - 
================================================================================
2025-10-11 18:57:41,116 - INFO - DOWNLOAD COMPLETE!
2025-10-11 18:57:41,116 - INFO - ================================================================================
2025-10-11 18:57:41,116 - INFO - Total time: 1.66 hours
2025-10-11 18:57:41,116 - INFO - Total materials downloaded: 0
2025-10-11 18:57:41,117 - INFO - Successful endpoints: 40
2025-10-11 18:57:41,117 - INFO - Failed endpoints: 0
